Arguments: 
  /home/tomi/.nvm/versions/node/v6.10.3/bin/node /home/tomi/.nvm/versions/node/v6.10.3/bin/yarn init

PATH: 
  /home/tomi/.nvm/versions/node/v6.10.3/bin:/usr/local/sbin:/usr/local/bin:/usr/sbin:/usr/bin:/sbin:/bin:/usr/games:/usr/local/games:/usr/lib/jvm/java-10-oracle/bin:/usr/lib/jvm/java-10-oracle/db/bin:/usr/lib/jvm/java-10-oracle/bin:/usr/lib/jvm/java-10-oracle/db/bin

Yarn version: 
  1.7.0

Node version: 
  6.10.3

Platform: 
  linux x64

Trace: 
  Error: canceled
      at Interface.<anonymous> (/home/tomi/.nvm/versions/node/v6.10.3/lib/node_modules/yarn/lib/cli.js:131036:13)
      at emitNone (events.js:86:13)
      at Interface.emit (events.js:185:7)
      at Interface._ttyWrite (readline.js:717:16)
      at ReadStream.onkeypress (readline.js:117:10)
      at emitTwo (events.js:106:13)
      at ReadStream.emit (events.js:191:7)
      at emitKeys (internal/readline.js:389:14)
      at next (native)
      at ReadStream.onData (readline.js:963:36)

npm manifest: 
  No manifest

yarn manifest: 
  No manifest

Lockfile: 
  No lockfile
